Project, 'coregen', initialised from file 'C:\Users\Andrew
Gamulja\Documents\VHDL\kamikaze\coregen\coregen.cgp'.
Initializing IP model...
Finished initialising IP model.
Generating IP...
WARNING:sim:89 - A core named <ship_rom> already exists in the output directory.
   Output products for this core may be overwritten.
Initializing IP model...
Finished initialising IP model.
XST: HDL Compilation
XST: Design Hierarchy Analysis
XST: HDL Analysis
XST: HDL Synthesis
XST: Advanced HDL Synthesis
XST: Low Level Synthesis
Generating Implementation files.
Generating ISE symbol file...
Generating NGC file.
Finished Generation Stage.
Generating IP instantiation template...
VHDL instantiation template already present, so not regenerating.
Finished generating IP instantiation template.
Generating metadata file...
Finished generating metadata file.
Generating ISE file...
Finished ISE file generation.
Generating FLIST file...
Finished FLIST file generation.
Preparing output directory...
Finished preparing output directory.
Moving files to output directory...
Finished moving files to output directory
Saved options for project 'coregen'.
